<?xml version="1.0" encoding="UTF-8"?>
<!-- Generated by org.testng.reporters.JUnitXMLReporter -->
<testsuite ignored="2" hostname="PL-IN-PF4G374T" failures="0" tests="2" name="GRP-bvt" time="0.06" errors="0" timestamp="2024-05-29T16:16:07 IST">
  <testcase classname="Automation.qa.GroupTestCase" name="test3" time="0.009"/>
  <testcase classname="Automation.qa.GroupTestCase" name="test4" time="0.002"/>
  <testcase classname="Automation.qa.GroupTestCase" name="test2" time="0.0">
    <ignored/>
  </testcase> <!-- test2 -->
  <testcase classname="Automation.qa.GroupTestCase" name="test1" time="0.0">
    <ignored/>
  </testcase> <!-- test1 -->
</testsuite> <!-- GRP-bvt -->
