<?xml version="1.0" encoding="UTF-8"?>
<!-- Generated by org.testng.reporters.JUnitXMLReporter -->
<testsuite ignored="0" hostname="PL-IN-PF4G374T" failures="0" tests="4" name="GRP-user" time="0.062" errors="0" timestamp="2024-05-29T16:22:57 IST">
  <testcase classname="Automation.qa.GroupTestCase" name="test3" time="0.013"/>
  <testcase classname="Automation.qa.GroupTestCase" name="test4" time="0.002"/>
  <testcase classname="Automation.qa.GroupTestCase" name="test1" time="0.001"/>
  <testcase classname="Automation.qa.GroupTestCase" name="test2" time="0.001"/>
</testsuite> <!-- GRP-user -->
