<?xml version="1.0" encoding="UTF-8"?>
<!-- Generated by org.testng.reporters.JUnitXMLReporter -->
<testsuite ignored="1" hostname="PL-IN-PF4G374T" failures="0" tests="3" name="GRP-Regression" time="0.074" errors="0" timestamp="2024-05-29T16:15:35 IST">
  <testcase classname="Automation.qa.GroupTestCase" name="test3" time="0.011"/>
  <testcase classname="Automation.qa.GroupTestCase" name="test1" time="0.002"/>
  <testcase classname="Automation.qa.GroupTestCase" name="test2" time="0.001"/>
  <testcase classname="Automation.qa.GroupTestCase" name="test4" time="0.0">
    <ignored/>
  </testcase> <!-- test4 -->
</testsuite> <!-- GRP-Regression -->
